<?xml version="1.0" encoding="UTF-8"?>
<!-- Generated by org.testng.reporters.JUnitReportReporter -->
<testsuite hostname="Pavankumar" failures="0" tests="1" name="runner.RunTestNGtest" time="44.983" errors="0" timestamp="2024-02-04T00:20:51 IST" skipped="0">
  <testcase classname="runner.RunTestNGtest" name="runScenario" time="44.983"/>
</testsuite> <!-- runner.RunTestNGtest -->
